build/app/intermediates/proguard-rules/release/aapt_rules.txt
# Referenced at release/arm64-v8a/AndroidManifest.xml:21
-keep class androidx.core.app.CoreComponentFactory { <init>(); }
# Referenced at release/arm64-v8a/AndroidManifest.xml:27
-keep class com.example.Chithi.MainActivity { <init>(); }
# Referenced at release/arm64-v8a/AndroidManifest.xml:21
-keep class io.flutter.app.FlutterApplication { <init>(); }
# Referenced at release/arm64-v8a/AndroidManifest.xml:69
-keep class io.flutter.plugins.imagepicker.ImagePickerFileProvider { <init>(); }