build/app/outputs/mapping/release/mapping.txt
# compiler: R8
# compiler_version: 1.5.64
# min_api: 16
# pg_map_id: 9576f51
...
androidx.lifecycle.CompositeGeneratedAdaptersObserver -> androidx.lifecycle.CompositeGeneratedAdaptersObserver:
    androidx.lifecycle.GeneratedAdapter[] mGeneratedAdapters -> a
    void onStateChanged(androidx.lifecycle.LifecycleOwner,androidx.lifecycle.Lifecycle$Event) -> a
androidx.lifecycle.DefaultLifecycleObserver -> androidx.lifecycle.b:
androidx.lifecycle.FullLifecycleObserver -> androidx.lifecycle.c:
    void onStart(androidx.lifecycle.LifecycleOwner) -> a
    void onResume(androidx.lifecycle.LifecycleOwner) -> b
    void onPause(androidx.lifecycle.LifecycleOwner) -> c
    void onDestroy(androidx.lifecycle.LifecycleOwner) -> d
    void onStop(androidx.lifecycle.LifecycleOwner) -> e
    void onCreate(androidx.lifecycle.LifecycleOwner) -> f
androidx.lifecycle.FullLifecycleObserverAdapter -> androidx.lifecycle.FullLifecycleObserverAdapter:
    androidx.lifecycle.FullLifecycleObserver mFullLifecycleObserver -> a
    androidx.lifecycle.LifecycleEventObserver mLifecycleEventObserver -> b
    void onStateChanged(androidx.lifecycle.LifecycleOwner,androidx.lifecycle.Lifecycle$Event) -> a
androidx.lifecycle.FullLifecycleObserverAdapter$1 -> androidx.lifecycle.FullLifecycleObserverAdapter$a:
    int[] $SwitchMap$androidx$lifecycle$Lifecycle$Event -> a
androidx.lifecycle.GeneratedAdapter -> androidx.lifecycle.d:
    void callMethods(androidx.lifecycle.LifecycleOwner,androidx.lifecycle.Lifecycle$Event,boolean,androidx.lifecycle.MethodCallsLogger) -> a
androidx.lifecycle.GenericLifecycleObserver -> androidx.lifecycle.e:
androidx.lifecycle.Lifecycle -> androidx.lifecycle.f:
    void addObserver(androidx.lifecycle.LifecycleObserver) -> a
    androidx.lifecycle.Lifecycle$State getCurrentState() -> a
    void removeObserver(androidx.lifecycle.LifecycleObserver) -> b
androidx.lifecycle.Lifecycle$Event -> androidx.lifecycle.f$a:
androidx.lifecycle.Lifecycle$State -> androidx.lifecycle.f$b:
    androidx.lifecycle.Lifecycle$State INITIALIZED -> b
    androidx.lifecycle.Lifecycle$State DESTROYED -> a
    androidx.lifecycle.Lifecycle$State[] $VALUES -> f
    androidx.lifecycle.Lifecycle$State RESUMED -> e
    androidx.lifecycle.Lifecycle$State STARTED -> d
    androidx.lifecycle.Lifecycle$State CREATED -> c
    boolean isAtLeast(androidx.lifecycle.Lifecycle$State) -> a
androidx.lifecycle.LifecycleEventObserver -> androidx.lifecycle.g:
    void onStateChanged(androidx.lifecycle.LifecycleOwner,androidx.lifecycle.Lifecycle$Event) -> a
androidx.lifecycle.LifecycleObserver -> androidx.lifecycle.h:
androidx.lifecycle.LifecycleOwner -> androidx.lifecycle.i:
    androidx.lifecycle.Lifecycle getLifecycle() -> b